#
# A fatal error has been detected by the Java Runtime Environment:
#
#  SIGSEGV (0xb) at pc=0x00007fda64821c8b, pid=9037, tid=9044
#
# JRE version: OpenJDK Runtime Environment (11.0.17+8) (build 11.0.17+8-post-Ubuntu-1ubuntu220.04)
# Java VM: OpenJDK 64-Bit Server VM (11.0.17+8-post-Ubuntu-1ubuntu220.04, mixed mode, sharing, tiered, compressed oops, g1 gc, linux-amd64)
# Problematic frame:
# j  ArrayListConcepts.ViritualCapacityConcept.main([Ljava/lang/String;)V+8
#
# Core dump will be written. Default location: Core dumps may be processed with "/usr/share/apport/apport -p%p -s%s -c%c -d%d -P%P -u%u -g%g -- %E" (or dumping to /home/automatonai/eclipse-workspace/JavaConcepts/core.9037)
#
# If you would like to submit a bug report, please visit:
#   https://bugs.launchpad.net/ubuntu/+source/openjdk-lts
#

---------------  S U M M A R Y ------------

Command Line: -agentlib:jdwp=transport=dt_socket,suspend=y,address=localhost:37661 -javaagent:/home/automatonai/eclipse/java-2022-06/eclipse/configuration/org.eclipse.osgi/209/0/.cp/lib/javaagent-shaded.jar -Dfile.encoding=UTF-8 ArrayListConcepts.ViritualCapacityConcept

Host: Intel(R) Core(TM) i5-4210U CPU @ 1.70GHz, 4 cores, 3G, Ubuntu 20.04.5 LTS
Time: Mon Nov 14 14:49:09 2022 IST elapsed time: 653.537590 seconds (0d 0h 10m 53s)

---------------  T H R E A D  ---------------

Current thread (0x00007fda7c018000):  JavaThread "main" [_thread_in_Java, id=9044, stack(0x00007fda83ea7000,0x00007fda83fa8000)]

Stack: [0x00007fda83ea7000,0x00007fda83fa8000],  sp=0x00007fda83fa69c8,  free space=1022k
Native frames: (J=compiled Java code, A=aot compiled Java code, j=interpreted, Vv=VM code, C=native code)
j  ArrayListConcepts.ViritualCapacityConcept.main([Ljava/lang/String;)V+8
v  ~StubRoutines::call_stub
V  [libjvm.so+0x86f0b4]
V  [libjvm.so+0x8eb01d]
V  [libjvm.so+0x8ed730]
C  [libjli.so+0x5a6a]
C  [libjli.so+0x9cdd]


siginfo: si_signo: 11 (SIGSEGV), si_code: 2 (SEGV_ACCERR), si_addr: 0x00007fda8097c780

Register to memory mapping:

RAX=0x0 is NULL
RBX=0x00000000000000b2 is an unknown value
RCX=0x00007fda807e8718 is pointing into metadata
RDX=0x0000000000032808 is an unknown value
RSP=0x00007fda83fa69c8 is pointing into the stack for thread: 0x00007fda7c018000
RBP=0x00007fda83fa6a10 is pointing into the stack for thread: 0x00007fda7c018000
RSI=0x00007fda7c017090 points into unknown readable memory: 0x0000003c00000001 | 01 00 00 00 3c 00 00 00
RDI=0x0 is NULL
R8 ={method} {0x00007fda807e86a8} 'main' '([Ljava/lang/String;)V' in 'ArrayListConcepts/ViritualCapacityConcept'
R9 =0x00007fda7c141ec0 points into unknown readable memory: 0x00007fda807e86a8 | a8 86 7e 80 da 7f 00 00
R10=0x00007fda8559b820: <offset 0x00000000012a7820> in /usr/lib/jvm/java-11-openjdk-amd64/lib/server/libjvm.so at 0x00007fda842f4000
R11=0x0000000000000286 is an unknown value
R12=0x0 is NULL
R13=0x00007fda807e8620 is pointing into metadata
R14=0x00007fda83fa6a28 is pointing into the stack for thread: 0x00007fda7c018000
R15=0x00007fda7c018000 is a thread


Registers:
RAX=0x0000000000000000, RBX=0x00000000000000b2, RCX=0x00007fda807e8718, RDX=0x0000000000032808
RSP=0x00007fda83fa69c8, RBP=0x00007fda83fa6a10, RSI=0x00007fda7c017090, RDI=0x0000000000000000
R8 =0x00007fda807e86a8, R9 =0x00007fda7c141ec0, R10=0x00007fda8559b820, R11=0x0000000000000286
R12=0x0000000000000000, R13=0x00007fda807e8620, R14=0x00007fda83fa6a28, R15=0x00007fda7c018000
RIP=0x00007fda64821c8b, EFLAGS=0x0000000000010202, CSGSFS=0x002b000000000033, ERR=0x0000000000000004
  TRAPNO=0x000000000000000e

Top of Stack: (sp=0x00007fda83fa69c8)
0x00007fda83fa69c8:   00007fda83fa69c8 00007fda807e8620
0x00007fda83fa69d8:   00007fda83fa6a28 00007fda807e8718
0x00007fda83fa69e8:   0000000000000000 00000000c8071a50
0x00007fda83fa69f8:   00007fda807e86a8 0000000000000000 

Instructions: (pc=0x00007fda64821c8b)
0x00007fda64821b8b:   12 33 20 ff e0 49 8b bf c8 04 00 00 48 85 ff 0f
0x00007fda64821b9b:   84 3e 00 00 00 8b 7f 7c 83 ff 01 0f 85 32 00 00
0x00007fda64821bab:   00 49 8b bf c8 04 00 00 8b bf 80 00 00 00 f7 c4
0x00007fda64821bbb:   0f 00 00 00 0f 84 12 00 00 00 48 83 ec 08 e8 d2
0x00007fda64821bcb:   12 33 20 48 83 c4 08 e9 05 00 00 00 e8 c4 12 33
0x00007fda64821bdb:   20 ff e0 49 81 7f 08 00 00 00 00 0f 84 05 00 00
0x00007fda64821beb:   00 e9 0f c0 fd ff 4c 8b 6d c0 4c 8b 75 c8 c3 48
0x00007fda64821bfb:   bf fa b1 21 85 da 7f 00 00 48 83 e4 f0 e8 23 93
0x00007fda64821c0b:   59 20 f4 c9 41 5d 48 8b e3 41 ff e5 90 00 00 00
0x00007fda64821c1b:   00 00 00 00 00 20 04 00 00 00 00 00 00 46 83 21
0x00007fda64821c2b:   85 da 7f 00 00 b2 00 00 00 00 00 00 00 00 00 00
0x00007fda64821c3b:   00 00 00 00 00 50 e9 39 00 00 00 48 83 ec 08 c5
0x00007fda64821c4b:   fa 11 04 24 e9 2b 00 00 00 48 83 ec 10 c5 fb 11
0x00007fda64821c5b:   04 24 e9 1d 00 00 00 48 83 ec 10 48 89 04 24 49
0x00007fda64821c6b:   ba 00 00 00 00 00 00 00 00 4c 89 54 24 08 e9 01
0x00007fda64821c7b:   00 00 00 50 41 0f b7 55 01 48 8b 4d d0 c1 e2 02
0x00007fda64821c8b:   8b 5c d1 28 c1 eb 10 81 e3 ff 00 00 00 81 fb b2
0x00007fda64821c9b:   00 00 00 0f 84 42 01 00 00 bb b2 00 00 00 e8 05
0x00007fda64821cab:   00 00 00 e9 27 01 00 00 48 8b f3 48 8d 44 24 08
0x00007fda64821cbb:   4c 89 6d c0 49 8b ff c5 f8 77 49 89 af 38 03 00
0x00007fda64821ccb:   00 49 89 87 28 03 00 00 f7 c4 0f 00 00 00 0f 84
0x00007fda64821cdb:   12 00 00 00 48 83 ec 08 e8 48 b1 33 20 48 83 c4
0x00007fda64821ceb:   08 e9 05 00 00 00 e8 3a b1 33 20 49 ba 00 00 00
0x00007fda64821cfb:   00 00 00 00 00 4d 89 97 28 03 00 00 49 ba 00 00
0x00007fda64821d0b:   00 00 00 00 00 00 4d 89 97 38 03 00 00 49 ba 00
0x00007fda64821d1b:   00 00 00 00 00 00 00 4d 89 97 30 03 00 00 c5 f8
0x00007fda64821d2b:   77 41 8b bf 6c 04 00 00 f7 c7 01 00 00 00 0f 84
0x00007fda64821d3b:   31 00 00 00 f7 c7 02 00 00 00 0f 85 25 00 00 00
0x00007fda64821d4b:   f7 c4 0f 00 00 00 0f 84 12 00 00 00 48 83 ec 08
0x00007fda64821d5b:   e8 c0 10 33 20 48 83 c4 08 e9 05 00 00 00 e8 b2
0x00007fda64821d6b:   10 33 20 ff e0 49 8b bf c8 04 00 00 48 85 ff 0f
0x00007fda64821d7b:   84 3e 00 00 00 8b 7f 7c 83 ff 01 0f 85 32 00 00 


Stack slot to memory mapping:
stack at sp + 0 slots: 0x00007fda83fa69c8 is pointing into the stack for thread: 0x00007fda7c018000
stack at sp + 1 slots: 0x00007fda807e8620 is pointing into metadata
stack at sp + 2 slots: 0x00007fda83fa6a28 is pointing into the stack for thread: 0x00007fda7c018000
stack at sp + 3 slots: 0x00007fda807e8718 is pointing into metadata
stack at sp + 4 slots: 0x0 is NULL
stack at sp + 5 slots: 0x00000000c8071a50 points into unknown readable memory: 0x0000002eafffde01 | 01 de ff af 2e 00 00 00
stack at sp + 6 slots: {method} {0x00007fda807e86a8} 'main' '([Ljava/lang/String;)V' in 'ArrayListConcepts/ViritualCapacityConcept'
stack at sp + 7 slots: 0x0 is NULL

getstatic  178 getstatic  [0x00007fda64821c40, 0x00007fda64822040]  1024 bytes

---------------  P R O C E S S  ---------------

Threads class SMR info:
_java_thread_list=0x00007fda20003060, length=12, elements={
0x00007fda7c018000, 0x00007fda7c126000, 0x00007fda7c128000, 0x00007fda7c12d800,
0x00007fda7c12f800, 0x00007fda7c131800, 0x00007fda7c133800, 0x00007fda7c135800,
0x00007fda7c15b800, 0x00007fda7c1a5000, 0x00007fda7c1a9000, 0x00007fda20001800
}
_to_delete_list=0x00007fda7c1aa8d0, length=11, elements={
0x00007fda7c018000, 0x00007fda7c126000, 0x00007fda7c128000, 0x00007fda7c12d800,
0x00007fda7c12f800, 0x00007fda7c131800, 0x00007fda7c133800, 0x00007fda7c135800,
0x00007fda7c15b800, 0x00007fda7c1a5000, 0x00007fda7c1a9000
}

Java Threads: ( => current thread )
=>0x00007fda7c018000 JavaThread "main" [_thread_in_Java, id=9044, stack(0x00007fda83ea7000,0x00007fda83fa8000)]
  0x00007fda7c126000 JavaThread "Reference Handler" daemon [_thread_blocked, id=9053, stack(0x00007fda800bb000,0x00007fda801bc000)]
  0x00007fda7c128000 JavaThread "Finalizer" daemon [_thread_blocked, id=9054, stack(0x00007fda646fc000,0x00007fda647fd000)]
  0x00007fda7c12d800 JavaThread "Signal Dispatcher" daemon [_thread_blocked, id=9055, stack(0x00007fda6408b000,0x00007fda6418c000)]
  0x00007fda7c12f800 JavaThread "Service Thread" daemon [_thread_blocked, id=9056, stack(0x00007fda55eff000,0x00007fda56000000)]
  0x00007fda7c131800 JavaThread "C2 CompilerThread0" daemon [_thread_blocked, id=9057, stack(0x00007fda55dfe000,0x00007fda55eff000)]
  0x00007fda7c133800 JavaThread "C1 CompilerThread0" daemon [_thread_blocked, id=9058, stack(0x00007fda55cfd000,0x00007fda55dfe000)]
  0x00007fda7c135800 JavaThread "Sweeper thread" daemon [_thread_blocked, id=9059, stack(0x00007fda55bfc000,0x00007fda55cfd000)]
  0x00007fda7c15b800 JavaThread "Common-Cleaner" daemon [_thread_blocked, id=9060, stack(0x00007fda55afb000,0x00007fda55bfc000)]
  0x00007fda7c1a5000 JavaThread "JDWP Transport Listener: dt_socket" daemon [_thread_blocked, id=9062, stack(0x00007fda559fa000,0x00007fda55afb000)]
  0x00007fda7c1a9000 JavaThread "JDWP Event Helper Thread" daemon [_thread_blocked, id=9065, stack(0x00007fda558f9000,0x00007fda559fa000)]
  0x00007fda20001800 JavaThread "JDWP Command Reader" daemon [_thread_in_native, id=9066, stack(0x00007fda557f8000,0x00007fda558f9000)]

Other Threads:
  0x00007fda7c123000 VMThread "VM Thread" [stack: 0x00007fda801be000,0x00007fda802be000] [id=9052]
  0x00007fda7c24f800 WatcherThread [stack: 0x00007fda556f8000,0x00007fda557f8000] [id=9068]
  0x00007fda7c02f800 GCTaskThread "GC Thread#0" [stack: 0x00007fda83b0d000,0x00007fda83c0d000] [id=9047]
  0x00007fda7c04a000 ConcurrentGCThread "G1 Main Marker" [stack: 0x00007fda812a6000,0x00007fda813a6000] [id=9048]
  0x00007fda7c04c000 ConcurrentGCThread "G1 Conc#0" [stack: 0x00007fda811a4000,0x00007fda812a4000] [id=9049]
  0x00007fda7c08e000 ConcurrentGCThread "G1 Refine#0" [stack: 0x00007fda80c9e000,0x00007fda80d9e000] [id=9050]
  0x00007fda7c08f800 ConcurrentGCThread "G1 Young RemSet Sampling" [stack: 0x00007fda80b9c000,0x00007fda80c9c000] [id=9051]

Threads with active compile tasks:

VM state:not at safepoint (normal execution)

VM Mutex/Monitor currently owned by a thread: None

Heap address: 0x00000000c4a00000, size: 950 MB, Compressed Oops mode: 32-bit
Narrow klass base: 0x0000000800000000, Narrow klass shift: 3
Compressed class space size: 1073741824 Address: 0x0000000840000000

Heap:
 garbage-first heap   total 63488K, used 5836K [0x00000000c4a00000, 0x0000000100000000)
  region size 1024K, 6 young (6144K), 0 survivors (0K)
 Metaspace       used 2948K, capacity 4867K, committed 5120K, reserved 1056768K
  class space    used 269K, capacity 450K, committed 512K, reserved 1048576K
Heap Regions: E=young(eden), S=young(survivor), O=old, HS=humongous(starts), HC=humongous(continues), CS=collection set, F=free, A=archive, TAMS=top-at-mark-start (previous, next)
|   0|0x00000000c4a00000, 0x00000000c4a00000, 0x00000000c4b00000|  0%| F|  |TAMS 0x00000000c4a00000, 0x00000000c4a00000| Untracked 
|   1|0x00000000c4b00000, 0x00000000c4b00000, 0x00000000c4c00000|  0%| F|  |TAMS 0x00000000c4b00000, 0x00000000c4b00000| Untracked 
|   2|0x00000000c4c00000, 0x00000000c4c00000, 0x00000000c4d00000|  0%| F|  |TAMS 0x00000000c4c00000, 0x00000000c4c00000| Untracked 
|   3|0x00000000c4d00000, 0x00000000c4d00000, 0x00000000c4e00000|  0%| F|  |TAMS 0x00000000c4d00000, 0x00000000c4d00000| Untracked 
|   4|0x00000000c4e00000, 0x00000000c4e00000, 0x00000000c4f00000|  0%| F|  |TAMS 0x00000000c4e00000, 0x00000000c4e00000| Untracked 
|   5|0x00000000c4f00000, 0x00000000c4f00000, 0x00000000c5000000|  0%| F|  |TAMS 0x00000000c4f00000, 0x00000000c4f00000| Untracked 
|   6|0x00000000c5000000, 0x00000000c5000000, 0x00000000c5100000|  0%| F|  |TAMS 0x00000000c5000000, 0x00000000c5000000| Untracked 
|   7|0x00000000c5100000, 0x00000000c5100000, 0x00000000c5200000|  0%| F|  |TAMS 0x00000000c5100000, 0x00000000c5100000| Untracked 
|   8|0x00000000c5200000, 0x00000000c5200000, 0x00000000c5300000|  0%| F|  |TAMS 0x00000000c5200000, 0x00000000c5200000| Untracked 
|   9|0x00000000c5300000, 0x00000000c5300000, 0x00000000c5400000|  0%| F|  |TAMS 0x00000000c5300000, 0x00000000c5300000| Untracked 
|  10|0x00000000c5400000, 0x00000000c5400000, 0x00000000c5500000|  0%| F|  |TAMS 0x00000000c5400000, 0x00000000c5400000| Untracked 
|  11|0x00000000c5500000, 0x00000000c5500000, 0x00000000c5600000|  0%| F|  |TAMS 0x00000000c5500000, 0x00000000c5500000| Untracked 
|  12|0x00000000c5600000, 0x00000000c5600000, 0x00000000c5700000|  0%| F|  |TAMS 0x00000000c5600000, 0x00000000c5600000| Untracked 
|  13|0x00000000c5700000, 0x00000000c5700000, 0x00000000c5800000|  0%| F|  |TAMS 0x00000000c5700000, 0x00000000c5700000| Untracked 
|  14|0x00000000c5800000, 0x00000000c5800000, 0x00000000c5900000|  0%| F|  |TAMS 0x00000000c5800000, 0x00000000c5800000| Untracked 
|  15|0x00000000c5900000, 0x00000000c5900000, 0x00000000c5a00000|  0%| F|  |TAMS 0x00000000c5900000, 0x00000000c5900000| Untracked 
|  16|0x00000000c5a00000, 0x00000000c5a00000, 0x00000000c5b00000|  0%| F|  |TAMS 0x00000000c5a00000, 0x00000000c5a00000| Untracked 
|  17|0x00000000c5b00000, 0x00000000c5b00000, 0x00000000c5c00000|  0%| F|  |TAMS 0x00000000c5b00000, 0x00000000c5b00000| Untracked 
|  18|0x00000000c5c00000, 0x00000000c5c00000, 0x00000000c5d00000|  0%| F|  |TAMS 0x00000000c5c00000, 0x00000000c5c00000| Untracked 
|  19|0x00000000c5d00000, 0x00000000c5d00000, 0x00000000c5e00000|  0%| F|  |TAMS 0x00000000c5d00000, 0x00000000c5d00000| Untracked 
|  20|0x00000000c5e00000, 0x00000000c5e00000, 0x00000000c5f00000|  0%| F|  |TAMS 0x00000000c5e00000, 0x00000000c5e00000| Untracked 
|  21|0x00000000c5f00000, 0x00000000c5f00000, 0x00000000c6000000|  0%| F|  |TAMS 0x00000000c5f00000, 0x00000000c5f00000| Untracked 
|  22|0x00000000c6000000, 0x00000000c6000000, 0x00000000c6100000|  0%| F|  |TAMS 0x00000000c6000000, 0x00000000c6000000| Untracked 
|  23|0x00000000c6100000, 0x00000000c6100000, 0x00000000c6200000|  0%| F|  |TAMS 0x00000000c6100000, 0x00000000c6100000| Untracked 
|  24|0x00000000c6200000, 0x00000000c6200000, 0x00000000c6300000|  0%| F|  |TAMS 0x00000000c6200000, 0x00000000c6200000| Untracked 
|  25|0x00000000c6300000, 0x00000000c6300000, 0x00000000c6400000|  0%| F|  |TAMS 0x00000000c6300000, 0x00000000c6300000| Untracked 
|  26|0x00000000c6400000, 0x00000000c6400000, 0x00000000c6500000|  0%| F|  |TAMS 0x00000000c6400000, 0x00000000c6400000| Untracked 
|  27|0x00000000c6500000, 0x00000000c6500000, 0x00000000c6600000|  0%| F|  |TAMS 0x00000000c6500000, 0x00000000c6500000| Untracked 
|  28|0x00000000c6600000, 0x00000000c6600000, 0x00000000c6700000|  0%| F|  |TAMS 0x00000000c6600000, 0x00000000c6600000| Untracked 
|  29|0x00000000c6700000, 0x00000000c6700000, 0x00000000c6800000|  0%| F|  |TAMS 0x00000000c6700000, 0x00000000c6700000| Untracked 
|  30|0x00000000c6800000, 0x00000000c6800000, 0x00000000c6900000|  0%| F|  |TAMS 0x00000000c6800000, 0x00000000c6800000| Untracked 
|  31|0x00000000c6900000, 0x00000000c6900000, 0x00000000c6a00000|  0%| F|  |TAMS 0x00000000c6900000, 0x00000000c6900000| Untracked 
|  32|0x00000000c6a00000, 0x00000000c6a00000, 0x00000000c6b00000|  0%| F|  |TAMS 0x00000000c6a00000, 0x00000000c6a00000| Untracked 
|  33|0x00000000c6b00000, 0x00000000c6b00000, 0x00000000c6c00000|  0%| F|  |TAMS 0x00000000c6b00000, 0x00000000c6b00000| Untracked 
|  34|0x00000000c6c00000, 0x00000000c6c00000, 0x00000000c6d00000|  0%| F|  |TAMS 0x00000000c6c00000, 0x00000000c6c00000| Untracked 
|  35|0x00000000c6d00000, 0x00000000c6d00000, 0x00000000c6e00000|  0%| F|  |TAMS 0x00000000c6d00000, 0x00000000c6d00000| Untracked 
|  36|0x00000000c6e00000, 0x00000000c6e00000, 0x00000000c6f00000|  0%| F|  |TAMS 0x00000000c6e00000, 0x00000000c6e00000| Untracked 
|  37|0x00000000c6f00000, 0x00000000c6f00000, 0x00000000c7000000|  0%| F|  |TAMS 0x00000000c6f00000, 0x00000000c6f00000| Untracked 
|  38|0x00000000c7000000, 0x00000000c7000000, 0x00000000c7100000|  0%| F|  |TAMS 0x00000000c7000000, 0x00000000c7000000| Untracked 
|  39|0x00000000c7100000, 0x00000000c7100000, 0x00000000c7200000|  0%| F|  |TAMS 0x00000000c7100000, 0x00000000c7100000| Untracked 
|  40|0x00000000c7200000, 0x00000000c7200000, 0x00000000c7300000|  0%| F|  |TAMS 0x00000000c7200000, 0x00000000c7200000| Untracked 
|  41|0x00000000c7300000, 0x00000000c7300000, 0x00000000c7400000|  0%| F|  |TAMS 0x00000000c7300000, 0x00000000c7300000| Untracked 
|  42|0x00000000c7400000, 0x00000000c7400000, 0x00000000c7500000|  0%| F|  |TAMS 0x00000000c7400000, 0x00000000c7400000| Untracked 
|  43|0x00000000c7500000, 0x00000000c7500000, 0x00000000c7600000|  0%| F|  |TAMS 0x00000000c7500000, 0x00000000c7500000| Untracked 
|  44|0x00000000c7600000, 0x00000000c7600000, 0x00000000c7700000|  0%| F|  |TAMS 0x00000000c7600000, 0x00000000c7600000| Untracked 
|  45|0x00000000c7700000, 0x00000000c7700000, 0x00000000c7800000|  0%| F|  |TAMS 0x00000000c7700000, 0x00000000c7700000| Untracked 
|  46|0x00000000c7800000, 0x00000000c7800000, 0x00000000c7900000|  0%| F|  |TAMS 0x00000000c7800000, 0x00000000c7800000| Untracked 
|  47|0x00000000c7900000, 0x00000000c7900000, 0x00000000c7a00000|  0%| F|  |TAMS 0x00000000c7900000, 0x00000000c7900000| Untracked 
|  48|0x00000000c7a00000, 0x00000000c7a00000, 0x00000000c7b00000|  0%| F|  |TAMS 0x00000000c7a00000, 0x00000000c7a00000| Untracked 
|  49|0x00000000c7b00000, 0x00000000c7b00000, 0x00000000c7c00000|  0%| F|  |TAMS 0x00000000c7b00000, 0x00000000c7b00000| Untracked 
|  50|0x00000000c7c00000, 0x00000000c7c00000, 0x00000000c7d00000|  0%| F|  |TAMS 0x00000000c7c00000, 0x00000000c7c00000| Untracked 
|  51|0x00000000c7d00000, 0x00000000c7d00000, 0x00000000c7e00000|  0%| F|  |TAMS 0x00000000c7d00000, 0x00000000c7d00000| Untracked 
|  52|0x00000000c7e00000, 0x00000000c7e00000, 0x00000000c7f00000|  0%| F|  |TAMS 0x00000000c7e00000, 0x00000000c7e00000| Untracked 
|  53|0x00000000c7f00000, 0x00000000c7f00000, 0x00000000c8000000|  0%| F|  |TAMS 0x00000000c7f00000, 0x00000000c7f00000| Untracked 
|  54|0x00000000c8000000, 0x00000000c80927c8, 0x00000000c8100000| 57%| E|  |TAMS 0x00000000c8000000, 0x00000000c8000000| Complete 
|  55|0x00000000c8100000, 0x00000000c8200000, 0x00000000c8200000|100%| E|CS|TAMS 0x00000000c8100000, 0x00000000c8100000| Complete 
|  56|0x00000000c8200000, 0x00000000c8300000, 0x00000000c8300000|100%| E|CS|TAMS 0x00000000c8200000, 0x00000000c8200000| Complete 
|  57|0x00000000c8300000, 0x00000000c8400000, 0x00000000c8400000|100%| E|CS|TAMS 0x00000000c8300000, 0x00000000c8300000| Complete 
|  58|0x00000000c8400000, 0x00000000c8500000, 0x00000000c8500000|100%| E|CS|TAMS 0x00000000c8400000, 0x00000000c8400000| Complete 
|  59|0x00000000c8500000, 0x00000000c8600000, 0x00000000c8600000|100%| E|CS|TAMS 0x00000000c8500000, 0x00000000c8500000| Complete 
| 948|0x00000000ffe00000, 0x00000000ffe48000, 0x00000000fff00000| 28%|OA|  |TAMS 0x00000000ffe00000, 0x00000000ffe00000| Untracked 
| 949|0x00000000fff00000, 0x00000000fff6b000, 0x0000000100000000| 41%|CA|  |TAMS 0x00000000fff00000, 0x00000000fff00000| Untracked 

Card table byte_map: [0x00007fda83351000,0x00007fda8352c000] _byte_map_base: 0x00007fda82d2c000

Marking Bits (Prev, Next): (CMBitMap*) 0x00007fda7c045818, (CMBitMap*) 0x00007fda7c045850
 Prev Bits: [0x00007fda8229e000, 0x00007fda83176000)
 Next Bits: [0x00007fda813c6000, 0x00007fda8229e000)

Polling page: 0x00007fda857f0000

Metaspace:

Usage:
  Non-class:      4.31 MB capacity,     2.62 MB ( 61%) used,     1.69 MB ( 39%) free+waste,     3.44 KB ( <1%) overhead. 
      Class:    450.00 KB capacity,   269.16 KB ( 60%) used,   178.91 KB ( 40%) free+waste,     1.94 KB ( <1%) overhead. 
       Both:      4.75 MB capacity,     2.88 MB ( 61%) used,     1.87 MB ( 39%) free+waste,     5.38 KB ( <1%) overhead. 

Virtual space:
  Non-class space:        8.00 MB reserved,       4.50 MB ( 56%) committed 
      Class space:        1.00 GB reserved,     512.00 KB ( <1%) committed 
             Both:        1.01 GB reserved,       5.00 MB ( <1%) committed 

Chunk freelists:
   Non-Class:  23.00 KB
       Class:  30.00 KB
        Both:  53.00 KB

MaxMetaspaceSize: unlimited
CompressedClassSpaceSize: 1.00 GB
Initial GC threshold: 20.80 MB
Current GC threshold: 20.80 MB
CDS: on

CodeHeap 'non-profiled nmethods': size=120032Kb used=129Kb max_used=129Kb free=119902Kb
 bounds [0x00007fda6c2c5000, 0x00007fda6c535000, 0x00007fda737fd000]
CodeHeap 'profiled nmethods': size=120032Kb used=733Kb max_used=733Kb free=119298Kb
 bounds [0x00007fda64d8d000, 0x00007fda64ffd000, 0x00007fda6c2c5000]
CodeHeap 'non-nmethods': size=5696Kb used=1173Kb max_used=1187Kb free=4523Kb
 bounds [0x00007fda647fd000, 0x00007fda64a6d000, 0x00007fda64d8d000]
 total_blobs=827 nmethods=469 adapters=280
 compilation: enabled
              stopped_count=0, restarted_count=0
 full_count=0

Compilation events (20 events):
Event: 0.427 Thread 0x00007fda7c133800 nmethod 461 0x00007fda64e40590 code [0x00007fda64e40760, 0x00007fda64e40940]
Event: 0.427 Thread 0x00007fda7c133800  460       3       java.lang.reflect.Modifier::isProtected (12 bytes)
Event: 0.428 Thread 0x00007fda7c133800 nmethod 460 0x00007fda64e40a10 code [0x00007fda64e40bc0, 0x00007fda64e40cf0]
Event: 0.428 Thread 0x00007fda7c133800  462       3       java.security.Provider$ServiceKey::hashCode (22 bytes)
Event: 0.429 Thread 0x00007fda7c133800 nmethod 462 0x00007fda64e40d90 code [0x00007fda64e40f80, 0x00007fda64e41520]
Event: 0.429 Thread 0x00007fda7c133800  463       3       sun.security.x509.X509CertImpl::getEncodedInternal (20 bytes)
Event: 0.429 Thread 0x00007fda7c133800 nmethod 463 0x00007fda64e41690 code [0x00007fda64e41880, 0x00007fda64e41dd0]
Event: 0.429 Thread 0x00007fda7c133800  464   !   3       java.security.cert.Certificate::equals (38 bytes)
Event: 0.430 Thread 0x00007fda7c133800 nmethod 464 0x00007fda64e41f90 code [0x00007fda64e42220, 0x00007fda64e43020]
Event: 0.446 Thread 0x00007fda7c131800 nmethod 454% 0x00007fda6c2e4290 code [0x00007fda6c2e4440, 0x00007fda6c2e4e38]
Event: 0.446 Thread 0x00007fda7c131800  465       4       java.lang.StringLatin1::lastIndexOf (40 bytes)
Event: 0.449 Thread 0x00007fda7c131800 nmethod 465 0x00007fda6c2e5090 code [0x00007fda6c2e5220, 0x00007fda6c2e5398]
Event: 0.449 Thread 0x00007fda7c131800  466       4       java.util.concurrent.ConcurrentHashMap::spread (10 bytes)
Event: 0.450 Thread 0x00007fda7c131800 nmethod 466 0x00007fda6c2e5490 code [0x00007fda6c2e5620, 0x00007fda6c2e5678]
Event: 52.778 Thread 0x00007fda7c133800  467       3       org.eclipse.jdt.launching.internal.org.objectweb.asm.ClassReader::readUnsignedShort (26 bytes)
Event: 52.778 Thread 0x00007fda7c133800 nmethod 467 0x00007fda64e43510 code [0x00007fda64e436c0, 0x00007fda64e43830]
Event: 467.545 Thread 0x00007fda7c133800  468       3       org.eclipse.jdt.launching.internal.org.objectweb.asm.ClassReader::readUtf (44 bytes)
Event: 467.549 Thread 0x00007fda7c133800 nmethod 468 0x00007fda64e43910 code [0x00007fda64e43b00, 0x00007fda64e43fc0]
Event: 557.405 Thread 0x00007fda7c133800  469       3       org.eclipse.jdt.launching.internal.org.objectweb.asm.ClassReader::getItem (7 bytes)
Event: 557.406 Thread 0x00007fda7c133800 nmethod 469 0x00007fda64e44210 code [0x00007fda64e443c0, 0x00007fda64e44510]

GC Heap History (0 events):
No events

Deoptimization events (18 events):
Event: 0.243 Thread 0x00007fda7c018000 Uncommon trap: trap_request=0xffffff4d fr.pc=0x00007fda6c2d248c relative=0x0000000000000e8c
Event: 0.243 Thread 0x00007fda7c018000 Uncommon trap: reason=unstable_if action=reinterpret pc=0x00007fda6c2d248c method=java.util.HashMap.putVal(ILjava/lang/Object;Ljava/lang/Object;ZZ)Ljava/lang/Object; @ 181 c2
Event: 0.243 Thread 0x00007fda7c018000 DEOPT PACKING pc=0x00007fda6c2d248c sp=0x00007fda83fa58f0
Event: 0.243 Thread 0x00007fda7c018000 DEOPT UNPACKING pc=0x00007fda64846ea5 sp=0x00007fda83fa58a0 mode 2
Event: 0.420 Thread 0x00007fda7c018000 DEOPT PACKING pc=0x00007fda64e3111f sp=0x00007fda83fa36d0
Event: 0.420 Thread 0x00007fda7c018000 DEOPT UNPACKING pc=0x00007fda6484764a sp=0x00007fda83fa2b58 mode 0
Event: 0.421 Thread 0x00007fda7c018000 DEOPT PACKING pc=0x00007fda64e3111f sp=0x00007fda83fa2440
Event: 0.421 Thread 0x00007fda7c018000 DEOPT UNPACKING pc=0x00007fda6484764a sp=0x00007fda83fa18c8 mode 0
Event: 0.424 Thread 0x00007fda7c018000 DEOPT PACKING pc=0x00007fda64e3111f sp=0x00007fda83fa3600
Event: 0.424 Thread 0x00007fda7c018000 DEOPT UNPACKING pc=0x00007fda6484764a sp=0x00007fda83fa2a88 mode 0
Event: 0.425 Thread 0x00007fda7c018000 DEOPT PACKING pc=0x00007fda64e3111f sp=0x00007fda83fa36c0
Event: 0.425 Thread 0x00007fda7c018000 DEOPT UNPACKING pc=0x00007fda6484764a sp=0x00007fda83fa2b48 mode 0
Event: 0.429 Thread 0x00007fda7c018000 DEOPT PACKING pc=0x00007fda64ddd715 sp=0x00007fda83fa2270
Event: 0.429 Thread 0x00007fda7c018000 DEOPT UNPACKING pc=0x00007fda6484764a sp=0x00007fda83fa1728 mode 0
Event: 0.430 Thread 0x00007fda7c018000 DEOPT PACKING pc=0x00007fda64e3111f sp=0x00007fda83fa20c0
Event: 0.430 Thread 0x00007fda7c018000 DEOPT UNPACKING pc=0x00007fda6484764a sp=0x00007fda83fa1548 mode 0
Event: 0.430 Thread 0x00007fda7c018000 DEOPT PACKING pc=0x00007fda64e3111f sp=0x00007fda83fa20c0
Event: 0.430 Thread 0x00007fda7c018000 DEOPT UNPACKING pc=0x00007fda6484764a sp=0x00007fda83fa1548 mode 0

Classes redefined (3 events):
Event: 52.783 Thread 0x00007fda7c123000 redefined class name=ArrayListConcepts.ViritualCapacityConcept, count=1
Event: 467.548 Thread 0x00007fda7c123000 redefined class name=ArrayListConcepts.ViritualCapacityConcept, count=2
Event: 557.418 Thread 0x00007fda7c123000 redefined class name=ArrayListConcepts.ViritualCapacityConcept, count=3

Internal exceptions (0 events):
No events

Events (20 events):
Event: 643.647 Executing VM operation: GetOwnedMonitorInfo
Event: 643.647 Executing VM operation: GetOwnedMonitorInfo done
Event: 644.197 Executing VM operation: GetCurrentContendedMonitor
Event: 644.197 Executing VM operation: GetCurrentContendedMonitor done
Event: 644.197 Executing VM operation: GetOwnedMonitorInfo
Event: 644.197 Executing VM operation: GetOwnedMonitorInfo done
Event: 653.455 Executing VM operation: GetFrameCount
Event: 653.455 Executing VM operation: GetFrameCount done
Event: 653.455 Executing VM operation: SetFramePop
Event: 653.455 Executing nested VM operation: EnterInterpOnlyMode
Event: 653.455 Executing nested VM operation: EnterInterpOnlyMode done
Event: 653.455 Executing VM operation: SetFramePop done
Event: 653.455 Executing VM operation: GetFrameLocation
Event: 653.456 Executing VM operation: GetFrameLocation done
Event: 653.456 Executing VM operation: GetCurrentLocation
Event: 653.456 Executing VM operation: GetCurrentLocation done
Event: 653.456 Executing VM operation: ChangeSingleStep
Event: 653.456 Executing VM operation: ChangeSingleStep done
Event: 653.456 Executing VM operation: GetFrameLocation
Event: 653.456 Executing VM operation: GetFrameLocation done


Dynamic libraries:
c4a00000-c8600000 rw-p 00000000 00:00 0 
c8600000-ffe00000 ---p 00000000 00:00 0 
ffe00000-ffe48000 rw-p 00b0a000 08:05 4195314                            /usr/lib/jvm/java-11-openjdk-amd64/lib/server/classes.jsa
ffe48000-fff00000 rw-p 00000000 00:00 0 
fff00000-fff6b000 rw-p 00a9f000 08:05 4195314                            /usr/lib/jvm/java-11-openjdk-amd64/lib/server/classes.jsa
fff6b000-100000000 rw-p 00000000 00:00 0 
800000000-800002000 rwxp 00001000 08:05 4195314                          /usr/lib/jvm/java-11-openjdk-amd64/lib/server/classes.jsa
800002000-800a9e000 rw-p 00003000 08:05 4195314                          /usr/lib/jvm/java-11-openjdk-amd64/lib/server/classes.jsa
840000000-840080000 rw-p 00000000 00:00 0 
840080000-880000000 ---p 00000000 00:00 0 
557d2d800000-557d2d801000 r--p 00000000 08:05 4197361                    /usr/lib/jvm/java-11-openjdk-amd64/bin/java
557d2d801000-557d2d802000 r-xp 00001000 08:05 4197361                    /usr/lib/jvm/java-11-openjdk-amd64/bin/java
557d2d802000-557d2d803000 r--p 00002000 08:05 4197361                    /usr/lib/jvm/java-11-openjdk-amd64/bin/java
557d2d803000-557d2d804000 r--p 00002000 08:05 4197361                    /usr/lib/jvm/java-11-openjdk-amd64/bin/java
557d2d804000-557d2d805000 rw-p 00003000 08:05 4197361                    /usr/lib/jvm/java-11-openjdk-amd64/bin/java
557d2d971000-557d2d992000 rw-p 00000000 00:00 0                          [heap]
7fda18000000-7fda18021000 rw-p 00000000 00:00 0 
7fda18021000-7fda1c000000 ---p 00000000 00:00 0 
7fda1c000000-7fda1c021000 rw-p 00000000 00:00 0 
7fda1c021000-7fda20000000 ---p 00000000 00:00 0 
7fda20000000-7fda20021000 rw-p 00000000 00:00 0 
7fda20021000-7fda24000000 ---p 00000000 00:00 0 
7fda24000000-7fda24021000 rw-p 00000000 00:00 0 
7fda24021000-7fda28000000 ---p 00000000 00:00 0 
7fda28000000-7fda28021000 rw-p 00000000 00:00 0 
7fda28021000-7fda2c000000 ---p 00000000 00:00 0 
7fda2c000000-7fda2c021000 rw-p 00000000 00:00 0 
7fda2c021000-7fda30000000 ---p 00000000 00:00 0 
7fda30000000-7fda30227000 rw-p 00000000 00:00 0 
7fda30227000-7fda34000000 ---p 00000000 00:00 0 
7fda34000000-7fda340a5000 rw-p 00000000 00:00 0 
7fda340a5000-7fda38000000 ---p 00000000 00:00 0 
7fda38000000-7fda38021000 rw-p 00000000 00:00 0 
7fda38021000-7fda3c000000 ---p 00000000 00:00 0 
7fda3c000000-7fda3c021000 rw-p 00000000 00:00 0 
7fda3c021000-7fda40000000 ---p 00000000 00:00 0 
7fda40000000-7fda40021000 rw-p 00000000 00:00 0 
7fda40021000-7fda44000000 ---p 00000000 00:00 0 
7fda44000000-7fda44021000 rw-p 00000000 00:00 0 
7fda44021000-7fda48000000 ---p 00000000 00:00 0 
7fda48000000-7fda48021000 rw-p 00000000 00:00 0 
7fda48021000-7fda4c000000 ---p 00000000 00:00 0 
7fda4c000000-7fda4c021000 rw-p 00000000 00:00 0 
7fda4c021000-7fda50000000 ---p 00000000 00:00 0 
7fda50000000-7fda50021000 rw-p 00000000 00:00 0 
7fda50021000-7fda54000000 ---p 00000000 00:00 0 
7fda556f6000-7fda556f7000 ---p 00000000 00:00 0 
7fda556f7000-7fda557f8000 rw-p 00000000 00:00 0 
7fda557f8000-7fda557fc000 ---p 00000000 00:00 0 
7fda557fc000-7fda558f9000 rw-p 00000000 00:00 0 
7fda558f9000-7fda558fd000 ---p 00000000 00:00 0 
7fda558fd000-7fda559fa000 rw-p 00000000 00:00 0 
7fda559fa000-7fda559fe000 ---p 00000000 00:00 0 
7fda559fe000-7fda55afb000 rw-p 00000000 00:00 0 
7fda55afb000-7fda55aff000 ---p 00000000 00:00 0 
7fda55aff000-7fda55bfc000 rw-p 00000000 00:00 0 
7fda55bfc000-7fda55c00000 ---p 00000000 00:00 0 
7fda55c00000-7fda55cfd000 rw-p 00000000 00:00 0 
7fda55cfd000-7fda55d01000 ---p 00000000 00:00 0 
7fda55d01000-7fda55dfe000 rw-p 00000000 00:00 0 
7fda55dfe000-7fda55e02000 ---p 00000000 00:00 0 
7fda55e02000-7fda55eff000 rw-p 00000000 00:00 0 
7fda55eff000-7fda55f03000 ---p 00000000 00:00 0 
7fda55f03000-7fda58000000 rw-p 00000000 00:00 0 
7fda58000000-7fda58021000 rw-p 00000000 00:00 0 
7fda58021000-7fda5c000000 ---p 00000000 00:00 0 
7fda5c000000-7fda5c021000 rw-p 00000000 00:00 0 
7fda5c021000-7fda60000000 ---p 00000000 00:00 0 
7fda60000000-7fda60021000 rw-p 00000000 00:00 0 
7fda60021000-7fda64000000 ---p 00000000 00:00 0 
7fda6408b000-7fda6408f000 ---p 00000000 00:00 0 
7fda6408f000-7fda6418c000 rw-p 00000000 00:00 0 
7fda6418c000-7fda646fc000 r--p 00000000 08:05 4194400                    /usr/lib/locale/locale-archive
7fda646fc000-7fda64700000 ---p 00000000 00:00 0 
7fda64700000-7fda647fd000 rw-p 00000000 00:00 0 
7fda647fd000-7fda64a6d000 rwxp 00000000 00:00 0 
7fda64a6d000-7fda64d8d000 ---p 00000000 00:00 0 
7fda64d8d000-7fda64ffd000 rwxp 00000000 00:00 0 
7fda64ffd000-7fda6c2c5000 ---p 00000000 00:00 0 
7fda6c2c5000-7fda6c535000 rwxp 00000000 00:00 0 
7fda6c535000-7fda737fd000 ---p 00000000 00:00 0 
7fda737fd000-7fda7c000000 r--s 00000000 08:05 4197442                    /usr/lib/jvm/java-11-openjdk-amd64/lib/modules
7fda7c000000-7fda7c31c000 rw-p 00000000 00:00 0 
7fda7c31c000-7fda80000000 ---p 00000000 00:00 0 
7fda8007f000-7fda80083000 r--p 00000000 08:05 4197432                    /usr/lib/jvm/java-11-openjdk-amd64/lib/libnet.so
7fda80083000-7fda80091000 r-xp 00004000 08:05 4197432                    /usr/lib/jvm/java-11-openjdk-amd64/lib/libnet.so
7fda80091000-7fda80095000 r--p 00012000 08:05 4197432                    /usr/lib/jvm/java-11-openjdk-amd64/lib/libnet.so
7fda80095000-7fda80096000 r--p 00015000 08:05 4197432                    /usr/lib/jvm/java-11-openjdk-amd64/lib/libnet.so
7fda80096000-7fda80097000 rw-p 00016000 08:05 4197432                    /usr/lib/jvm/java-11-openjdk-amd64/lib/libnet.so
7fda80097000-7fda8009e000 r--p 00000000 08:05 4197433                    /usr/lib/jvm/java-11-openjdk-amd64/lib/libnio.so
7fda8009e000-7fda800a6000 r-xp 00007000 08:05 4197433                    /usr/lib/jvm/java-11-openjdk-amd64/lib/libnio.so
7fda800a6000-7fda800a9000 r--p 0000f000 08:05 4197433                    /usr/lib/jvm/java-11-openjdk-amd64/lib/libnio.so
7fda800a9000-7fda800aa000 r--p 00011000 08:05 4197433                    /usr/lib/jvm/java-11-openjdk-amd64/lib/libnio.so
7fda800aa000-7fda800ab000 rw-p 00012000 08:05 4197433                    /usr/lib/jvm/java-11-openjdk-amd64/lib/libnio.so
7fda800ab000-7fda800ad000 r--p 00000000 08:05 4197413                    /usr/lib/jvm/java-11-openjdk-amd64/lib/libdt_socket.so
7fda800ad000-7fda800b0000 r-xp 00002000 08:05 4197413                    /usr/lib/jvm/java-11-openjdk-amd64/lib/libdt_socket.so
7fda800b0000-7fda800b1000 r--p 00005000 08:05 4197413                    /usr/lib/jvm/java-11-openjdk-amd64/lib/libdt_socket.so
7fda800b1000-7fda800b2000 ---p 00006000 08:05 4197413                    /usr/lib/jvm/java-11-openjdk-amd64/lib/libdt_socket.so
7fda800b2000-7fda800b3000 r--p 00006000 08:05 4197413                    /usr/lib/jvm/java-11-openjdk-amd64/lib/libdt_socket.so
7fda800b3000-7fda800b4000 rw-p 00007000 08:05 4197413                    /usr/lib/jvm/java-11-openjdk-amd64/lib/libdt_socket.so
7fda800b4000-7fda800bb000 r--s 00000000 08:05 4855623                    /usr/lib/x86_64-linux-gnu/gconv/gconv-modules.cache
7fda800bb000-7fda800bf000 ---p 00000000 00:00 0 
7fda800bf000-7fda801bc000 rw-p 00000000 00:00 0 
7fda801bc000-7fda801bd000 ---p 00000000 00:00 0 
7fda801bd000-7fda8081a000 rw-p 00000000 00:00 0 
7fda8081a000-7fda80b9a000 ---p 00000000 00:00 0 
7fda80b9a000-7fda80b9b000 ---p 00000000 00:00 0 
7fda80b9b000-7fda80c9c000 rw-p 00000000 00:00 0 
7fda80c9c000-7fda80c9d000 ---p 00000000 00:00 0 
7fda80c9d000-7fda811a2000 rw-p 00000000 00:00 0 
7fda811a2000-7fda811a3000 ---p 00000000 00:00 0 
7fda811a3000-7fda812a4000 rw-p 00000000 00:00 0 
7fda812a4000-7fda812a5000 ---p 00000000 00:00 0 
7fda812a5000-7fda814b6000 rw-p 00000000 00:00 0 
7fda814b6000-7fda82296000 ---p 00000000 00:00 0 
7fda82296000-7fda8238e000 rw-p 00000000 00:00 0 
7fda8238e000-7fda8316e000 ---p 00000000 00:00 0 
7fda8316e000-7fda83194000 rw-p 00000000 00:00 0 
7fda83194000-7fda83350000 ---p 00000000 00:00 0 
7fda83350000-7fda8336f000 rw-p 00000000 00:00 0 
7fda8336f000-7fda8352b000 ---p 00000000 00:00 0 
7fda8352b000-7fda8354a000 rw-p 00000000 00:00 0 
7fda8354a000-7fda83706000 ---p 00000000 00:00 0 
7fda83706000-7fda83b0b000 rw-p 00000000 00:00 0 
7fda83b0b000-7fda83b0c000 ---p 00000000 00:00 0 
7fda83b0c000-7fda83c12000 rw-p 00000000 00:00 0 
7fda83c12000-7fda83cf8000 ---p 00000000 00:00 0 
7fda83cf8000-7fda83cfd000 rw-p 00000000 00:00 0 
7fda83cfd000-7fda83de3000 ---p 00000000 00:00 0 
7fda83de3000-7fda83de8000 rw-p 00000000 00:00 0 
7fda83de8000-7fda83def000 ---p 00000000 00:00 0 
7fda83def000-7fda83df2000 r--p 00000000 08:05 4198824                    /usr/lib/x86_64-linux-gnu/libnss_files-2.31.so
7fda83df2000-7fda83df9000 r-xp 00003000 08:05 4198824                    /usr/lib/x86_64-linux-gnu/libnss_files-2.31.so
7fda83df9000-7fda83dfb000 r--p 0000a000 08:05 4198824                    /usr/lib/x86_64-linux-gnu/libnss_files-2.31.so
7fda83dfb000-7fda83dfc000 r--p 0000b000 08:05 4198824                    /usr/lib/x86_64-linux-gnu/libnss_files-2.31.so
7fda83dfc000-7fda83dfd000 rw-p 0000c000 08:05 4198824                    /usr/lib/x86_64-linux-gnu/libnss_files-2.31.so
7fda83dfd000-7fda83e03000 rw-p 00000000 00:00 0 
7fda83e08000-7fda83e0a000 r--p 00000000 08:05 4197441                    /usr/lib/jvm/java-11-openjdk-amd64/lib/libzip.so
7fda83e0a000-7fda83e0f000 r-xp 00002000 08:05 4197441                    /usr/lib/jvm/java-11-openjdk-amd64/lib/libzip.so
7fda83e0f000-7fda83e11000 r--p 00007000 08:05 4197441                    /usr/lib/jvm/java-11-openjdk-amd64/lib/libzip.so
7fda83e11000-7fda83e12000 r--p 00008000 08:05 4197441                    /usr/lib/jvm/java-11-openjdk-amd64/lib/libzip.so
7fda83e12000-7fda83e13000 rw-p 00009000 08:05 4197441                    /usr/lib/jvm/java-11-openjdk-amd64/lib/libzip.so
7fda83e13000-7fda83e1b000 rw-s 00000000 08:05 19006735                   /tmp/hsperfdata_automatonai/9037
7fda83e1b000-7fda83e1d000 r--p 00000000 08:05 4197416                    /usr/lib/jvm/java-11-openjdk-amd64/lib/libinstrument.so
7fda83e1d000-7fda83e23000 r-xp 00002000 08:05 4197416                    /usr/lib/jvm/java-11-openjdk-amd64/lib/libinstrument.so
7fda83e23000-7fda83e26000 r--p 00008000 08:05 4197416                    /usr/lib/jvm/java-11-openjdk-amd64/lib/libinstrument.so
7fda83e26000-7fda83e27000 r--p 0000a000 08:05 4197416                    /usr/lib/jvm/java-11-openjdk-amd64/lib/libinstrument.so
7fda83e27000-7fda83e28000 rw-p 0000b000 08:05 4197416                    /usr/lib/jvm/java-11-openjdk-amd64/lib/libinstrument.so
7fda83e28000-7fda83e2a000 r--p 00000000 08:05 4197423                    /usr/lib/jvm/java-11-openjdk-amd64/lib/libjdwp.so
7fda83e2a000-7fda83e56000 r-xp 00002000 08:05 4197423                    /usr/lib/jvm/java-11-openjdk-amd64/lib/libjdwp.so
7fda83e56000-7fda83e64000 r--p 0002e000 08:05 4197423                    /usr/lib/jvm/java-11-openjdk-amd64/lib/libjdwp.so
7fda83e64000-7fda83e65000 r--p 0003b000 08:05 4197423                    /usr/lib/jvm/java-11-openjdk-amd64/lib/libjdwp.so
7fda83e65000-7fda83e66000 rw-p 0003c000 08:05 4197423                    /usr/lib/jvm/java-11-openjdk-amd64/lib/libjdwp.so
7fda83e66000-7fda83e68000 r--p 00000000 08:05 4197424                    /usr/lib/jvm/java-11-openjdk-amd64/lib/libjimage.so
7fda83e68000-7fda83e6b000 r-xp 00002000 08:05 4197424                    /usr/lib/jvm/java-11-openjdk-amd64/lib/libjimage.so
7fda83e6b000-7fda83e6c000 r--p 00005000 08:05 4197424                    /usr/lib/jvm/java-11-openjdk-amd64/lib/libjimage.so
7fda83e6c000-7fda83e6d000 ---p 00006000 08:05 4197424                    /usr/lib/jvm/java-11-openjdk-amd64/lib/libjimage.so
7fda83e6d000-7fda83e6e000 r--p 00006000 08:05 4197424                    /usr/lib/jvm/java-11-openjdk-amd64/lib/libjimage.so
7fda83e6e000-7fda83e6f000 rw-p 00007000 08:05 4197424                    /usr/lib/jvm/java-11-openjdk-amd64/lib/libjimage.so
7fda83e6f000-7fda83e7d000 r--p 00000000 08:05 4197421                    /usr/lib/jvm/java-11-openjdk-amd64/lib/libjava.so
7fda83e7d000-7fda83e93000 r-xp 0000e000 08:05 4197421                    /usr/lib/jvm/java-11-openjdk-amd64/lib/libjava.so
7fda83e93000-7fda83e9a000 r--p 00024000 08:05 4197421                    /usr/lib/jvm/java-11-openjdk-amd64/lib/libjava.so
7fda83e9a000-7fda83e9b000 r--p 0002a000 08:05 4197421                    /usr/lib/jvm/java-11-openjdk-amd64/lib/libjava.so
7fda83e9b000-7fda83e9c000 rw-p 0002b000 08:05 4197421                    /usr/lib/jvm/java-11-openjdk-amd64/lib/libjava.so
7fda83e9c000-7fda83e9d000 rw-p 00000000 00:00 0 
7fda83e9d000-7fda83e9f000 r--p 00000000 08:05 4198834                    /usr/lib/x86_64-linux-gnu/librt-2.31.so
7fda83e9f000-7fda83ea3000 r-xp 00002000 08:05 4198834                    /usr/lib/x86_64-linux-gnu/librt-2.31.so
7fda83ea3000-7fda83ea5000 r--p 00006000 08:05 4198834                    /usr/lib/x86_64-linux-gnu/librt-2.31.so
7fda83ea5000-7fda83ea6000 r--p 00007000 08:05 4198834                    /usr/lib/x86_64-linux-gnu/librt-2.31.so
7fda83ea6000-7fda83ea7000 rw-p 00008000 08:05 4198834                    /usr/lib/x86_64-linux-gnu/librt-2.31.so
7fda83ea7000-7fda83eab000 ---p 00000000 00:00 0 
7fda83eab000-7fda83fa8000 rw-p 00000000 00:00 0 
7fda83fa8000-7fda83fab000 r--p 00000000 08:05 4196493                    /usr/lib/x86_64-linux-gnu/libgcc_s.so.1
7fda83fab000-7fda83fbd000 r-xp 00003000 08:05 4196493                    /usr/lib/x86_64-linux-gnu/libgcc_s.so.1
7fda83fbd000-7fda83fc1000 r--p 00015000 08:05 4196493                    /usr/lib/x86_64-linux-gnu/libgcc_s.so.1
7fda83fc1000-7fda83fc2000 r--p 00018000 08:05 4196493                    /usr/lib/x86_64-linux-gnu/libgcc_s.so.1
7fda83fc2000-7fda83fc3000 rw-p 00019000 08:05 4196493                    /usr/lib/x86_64-linux-gnu/libgcc_s.so.1
7fda83fc3000-7fda83fd0000 r--p 00000000 08:05 4198808                    /usr/lib/x86_64-linux-gnu/libm-2.31.so
7fda83fd0000-7fda84077000 r-xp 0000d000 08:05 4198808                    /usr/lib/x86_64-linux-gnu/libm-2.31.so
7fda84077000-7fda84110000 r--p 000b4000 08:05 4198808                    /usr/lib/x86_64-linux-gnu/libm-2.31.so
7fda84110000-7fda84111000 r--p 0014c000 08:05 4198808                    /usr/lib/x86_64-linux-gnu/libm-2.31.so
7fda84111000-7fda84112000 rw-p 0014d000 08:05 4198808                    /usr/lib/x86_64-linux-gnu/libm-2.31.so
7fda84112000-7fda841a8000 r--p 00000000 08:05 4196498                    /usr/lib/x86_64-linux-gnu/libstdc++.so.6.0.28
7fda841a8000-7fda84299000 r-xp 00096000 08:05 4196498                    /usr/lib/x86_64-linux-gnu/libstdc++.so.6.0.28
7fda84299000-7fda842e2000 r--p 00187000 08:05 4196498                    /usr/lib/x86_64-linux-gnu/libstdc++.so.6.0.28
7fda842e2000-7fda842e3000 ---p 001d0000 08:05 4196498                    /usr/lib/x86_64-linux-gnu/libstdc++.so.6.0.28
7fda842e3000-7fda842ee000 r--p 001d0000 08:05 4196498                    /usr/lib/x86_64-linux-gnu/libstdc++.so.6.0.28
7fda842ee000-7fda842f1000 rw-p 001db000 08:05 4196498                    /usr/lib/x86_64-linux-gnu/libstdc++.so.6.0.28
7fda842f1000-7fda842f4000 rw-p 00000000 00:00 0 
7fda842f4000-7fda84576000 r--p 00000000 08:05 4197445                    /usr/lib/jvm/java-11-openjdk-amd64/lib/server/libjvm.so
7fda84576000-7fda851ff000 r-xp 00282000 08:05 4197445                    /usr/lib/jvm/java-11-openjdk-amd64/lib/server/libjvm.so
7fda851ff000-7fda8545c000 r--p 00f0b000 08:05 4197445                    /usr/lib/jvm/java-11-openjdk-amd64/lib/server/libjvm.so
7fda8545c000-7fda8545d000 ---p 01168000 08:05 4197445                    /usr/lib/jvm/java-11-openjdk-amd64/lib/server/libjvm.so
7fda8545d000-7fda85521000 r--p 01168000 08:05 4197445                    /usr/lib/jvm/java-11-openjdk-amd64/lib/server/libjvm.so
7fda85521000-7fda8555c000 rw-p 0122c000 08:05 4197445                    /usr/lib/jvm/java-11-openjdk-amd64/lib/server/libjvm.so
7fda8555c000-7fda855b5000 rw-p 00000000 00:00 0 
7fda855b5000-7fda855bb000 r--p 00000000 08:05 4198832                    /usr/lib/x86_64-linux-gnu/libpthread-2.31.so
7fda855bb000-7fda855cc000 r-xp 00006000 08:05 4198832                    /usr/lib/x86_64-linux-gnu/libpthread-2.31.so
7fda855cc000-7fda855d2000 r--p 00017000 08:05 4198832                    /usr/lib/x86_64-linux-gnu/libpthread-2.31.so
7fda855d2000-7fda855d3000 r--p 0001c000 08:05 4198832                    /usr/lib/x86_64-linux-gnu/libpthread-2.31.so
7fda855d3000-7fda855d4000 rw-p 0001d000 08:05 4198832                    /usr/lib/x86_64-linux-gnu/libpthread-2.31.so
7fda855d4000-7fda855d8000 rw-p 00000000 00:00 0 
7fda855d8000-7fda855d9000 r--p 00000000 08:05 4198806                    /usr/lib/x86_64-linux-gnu/libdl-2.31.so
7fda855d9000-7fda855db000 r-xp 00001000 08:05 4198806                    /usr/lib/x86_64-linux-gnu/libdl-2.31.so
7fda855db000-7fda855dc000 r--p 00003000 08:05 4198806                    /usr/lib/x86_64-linux-gnu/libdl-2.31.so
7fda855dc000-7fda855dd000 r--p 00003000 08:05 4198806                    /usr/lib/x86_64-linux-gnu/libdl-2.31.so
7fda855dd000-7fda855de000 rw-p 00004000 08:05 4198806                    /usr/lib/x86_64-linux-gnu/libdl-2.31.so
7fda855de000-7fda855e0000 r--p 00000000 08:05 4197044                    /usr/lib/x86_64-linux-gnu/libz.so.1.2.11
7fda855e0000-7fda855f1000 r-xp 00002000 08:05 4197044                    /usr/lib/x86_64-linux-gnu/libz.so.1.2.11
7fda855f1000-7fda855f7000 r--p 00013000 08:05 4197044                    /usr/lib/x86_64-linux-gnu/libz.so.1.2.11
7fda855f7000-7fda855f8000 ---p 00019000 08:05 4197044                    /usr/lib/x86_64-linux-gnu/libz.so.1.2.11
7fda855f8000-7fda855f9000 r--p 00019000 08:05 4197044                    /usr/lib/x86_64-linux-gnu/libz.so.1.2.11
7fda855f9000-7fda855fa000 rw-p 0001a000 08:05 4197044                    /usr/lib/x86_64-linux-gnu/libz.so.1.2.11
7fda855fa000-7fda8561c000 r--p 00000000 08:05 4194379                    /usr/lib/x86_64-linux-gnu/libc-2.31.so
7fda8561c000-7fda85794000 r-xp 00022000 08:05 4194379                    /usr/lib/x86_64-linux-gnu/libc-2.31.so
7fda85794000-7fda857e2000 r--p 0019a000 08:05 4194379                    /usr/lib/x86_64-linux-gnu/libc-2.31.so
7fda857e2000-7fda857e6000 r--p 001e7000 08:05 4194379                    /usr/lib/x86_64-linux-gnu/libc-2.31.so
7fda857e6000-7fda857e8000 rw-p 001eb000 08:05 4194379                    /usr/lib/x86_64-linux-gnu/libc-2.31.so
7fda857e8000-7fda857ec000 rw-p 00000000 00:00 0 
7fda857ee000-7fda857f0000 r--s 0000c000 08:05 4981894                    /usr/share/java/java-atk-wrapper.jar
7fda857f0000-7fda857f1000 ---p 00000000 00:00 0 
7fda857f1000-7fda857f2000 r--p 00000000 00:00 0 
7fda857f2000-7fda857f7000 r--p 00000000 08:05 4197440                    /usr/lib/jvm/java-11-openjdk-amd64/lib/libverify.so
7fda857f7000-7fda857fe000 r-xp 00005000 08:05 4197440                    /usr/lib/jvm/java-11-openjdk-amd64/lib/libverify.so
7fda857fe000-7fda85800000 r--p 0000c000 08:05 4197440                    /usr/lib/jvm/java-11-openjdk-amd64/lib/libverify.so
7fda85800000-7fda85801000 ---p 0000e000 08:05 4197440                    /usr/lib/jvm/java-11-openjdk-amd64/lib/libverify.so
7fda85801000-7fda85803000 r--p 0000e000 08:05 4197440                    /usr/lib/jvm/java-11-openjdk-amd64/lib/libverify.so
7fda85803000-7fda85804000 rw-p 00010000 08:05 4197440                    /usr/lib/jvm/java-11-openjdk-amd64/lib/libverify.so
7fda85804000-7fda85807000 r--p 00000000 08:05 4197406                    /usr/lib/jvm/java-11-openjdk-amd64/lib/jli/libjli.so
7fda85807000-7fda85811000 r-xp 00003000 08:05 4197406                    /usr/lib/jvm/java-11-openjdk-amd64/lib/jli/libjli.so
7fda85811000-7fda85814000 r--p 0000d000 08:05 4197406                    /usr/lib/jvm/java-11-openjdk-amd64/lib/jli/libjli.so
7fda85814000-7fda85815000 ---p 00010000 08:05 4197406                    /usr/lib/jvm/java-11-openjdk-amd64/lib/jli/libjli.so
7fda85815000-7fda85816000 r--p 00010000 08:05 4197406                    /usr/lib/jvm/java-11-openjdk-amd64/lib/jli/libjli.so
7fda85816000-7fda85817000 rw-p 00011000 08:05 4197406                    /usr/lib/jvm/java-11-openjdk-amd64/lib/jli/libjli.so
7fda85817000-7fda85819000 rw-p 00000000 00:00 0 
7fda85819000-7fda8581a000 r--p 00000000 08:05 4194356                    /usr/lib/x86_64-linux-gnu/ld-2.31.so
7fda8581a000-7fda8583d000 r-xp 00001000 08:05 4194356                    /usr/lib/x86_64-linux-gnu/ld-2.31.so
7fda8583d000-7fda85845000 r--p 00024000 08:05 4194356                    /usr/lib/x86_64-linux-gnu/ld-2.31.so
7fda85846000-7fda85847000 r--p 0002c000 08:05 4194356                    /usr/lib/x86_64-linux-gnu/ld-2.31.so
7fda85847000-7fda85848000 rw-p 0002d000 08:05 4194356                    /usr/lib/x86_64-linux-gnu/ld-2.31.so
7fda85848000-7fda85849000 rw-p 00000000 00:00 0 
7fff55a1f000-7fff55a40000 rw-p 00000000 00:00 0                          [stack]
7fff55ada000-7fff55ade000 r--p 00000000 00:00 0                          [vvar]
7fff55ade000-7fff55ae0000 r-xp 00000000 00:00 0                          [vdso]
ffffffffff600000-ffffffffff601000 --xp 00000000 00:00 0                  [vsyscall]


VM Arguments:
jvm_args: -agentlib:jdwp=transport=dt_socket,suspend=y,address=localhost:37661 -javaagent:/home/automatonai/eclipse/java-2022-06/eclipse/configuration/org.eclipse.osgi/209/0/.cp/lib/javaagent-shaded.jar -Dfile.encoding=UTF-8 
java_command: ArrayListConcepts.ViritualCapacityConcept
java_class_path (initial): /home/automatonai/eclipse-workspace/JavaConcepts/bin
Launcher Type: SUN_STANDARD

[Global flags]
     intx CICompilerCount                          = 3                                         {product} {ergonomic}
     uint ConcGCThreads                            = 1                                         {product} {ergonomic}
     uint G1ConcRefinementThreads                  = 4                                         {product} {ergonomic}
   size_t G1HeapRegionSize                         = 1048576                                   {product} {ergonomic}
    uintx GCDrainStackTargetSize                   = 64                                        {product} {ergonomic}
   size_t InitialHeapSize                          = 62914560                                  {product} {ergonomic}
   size_t MarkStackSize                            = 4194304                                   {product} {ergonomic}
   size_t MaxHeapSize                              = 996147200                                 {product} {ergonomic}
   size_t MaxNewSize                               = 597688320                                 {product} {ergonomic}
   size_t MinHeapDeltaBytes                        = 1048576                                   {product} {ergonomic}
    uintx NonNMethodCodeHeapSize                   = 5830732                                {pd product} {ergonomic}
    uintx NonProfiledCodeHeapSize                  = 122913754                              {pd product} {ergonomic}
    uintx ProfiledCodeHeapSize                     = 122913754                              {pd product} {ergonomic}
    uintx ReservedCodeCacheSize                    = 251658240                              {pd product} {ergonomic}
     bool SegmentedCodeCache                       = true                                      {product} {ergonomic}
     bool UseCompressedClassPointers               = true                                 {lp64_product} {ergonomic}
     bool UseCompressedOops                        = true                                 {lp64_product} {ergonomic}
     bool UseG1GC                                  = true                                      {product} {ergonomic}

Logging:
Log output configuration:
 #0: stdout all=warning uptime,level,tags
 #1: stderr all=off uptime,level,tags

Environment Variables:
PATH=/usr/local/sbin:/usr/local/bin:/usr/sbin:/usr/bin:/sbin:/bin:/usr/games:/usr/local/games:/snap/bin
USERNAME=automatonai
SHELL=/bin/bash
DISPLAY=:0
LANG=en_IN

Signal Handlers:
SIGSEGV: [libjvm.so+0xe97eb0], sa_mask[0]=11111111011111111101111111111110, sa_flags=SA_RESTART|SA_SIGINFO
SIGBUS: [libjvm.so+0xe97eb0], sa_mask[0]=11111111011111111101111111111110, sa_flags=SA_RESTART|SA_SIGINFO
SIGFPE: [libjvm.so+0xe97eb0], sa_mask[0]=11111111011111111101111111111110, sa_flags=SA_RESTART|SA_SIGINFO
SIGPIPE: [libjvm.so+0xbde850], sa_mask[0]=11111111011111111101111111111110, sa_flags=SA_RESTART|SA_SIGINFO
SIGXFSZ: [libjvm.so+0xbde850], sa_mask[0]=11111111011111111101111111111110, sa_flags=SA_RESTART|SA_SIGINFO
SIGILL: [libjvm.so+0xe97eb0], sa_mask[0]=11111111011111111101111111111110, sa_flags=SA_RESTART|SA_SIGINFO
SIGUSR2: [libjvm.so+0xbde6f0], sa_mask[0]=00100000000000000000000000000000, sa_flags=SA_RESTART|SA_SIGINFO
SIGHUP: [libjvm.so+0xbde9e0], sa_mask[0]=11111111011111111101111111111110, sa_flags=SA_RESTART|SA_SIGINFO
SIGINT: [libjvm.so+0xbde9e0], sa_mask[0]=11111111011111111101111111111110, sa_flags=SA_RESTART|SA_SIGINFO
SIGTERM: [libjvm.so+0xbde9e0], sa_mask[0]=11111111011111111101111111111110, sa_flags=SA_RESTART|SA_SIGINFO
SIGQUIT: [libjvm.so+0xbde9e0], sa_mask[0]=11111111011111111101111111111110, sa_flags=SA_RESTART|SA_SIGINFO


---------------  S Y S T E M  ---------------

OS:DISTRIB_ID=Ubuntu
DISTRIB_RELEASE=20.04
DISTRIB_CODENAME=focal
DISTRIB_DESCRIPTION="Ubuntu 20.04.5 LTS"
uname:Linux 5.15.0-52-generic #58~20.04.1-Ubuntu SMP Thu Oct 13 13:09:46 UTC 2022 x86_64
OS uptime: 0 days 3:51 hours
libc:glibc 2.31 NPTL 2.31 
rlimit (soft/hard): STACK 8192k/infinity , CORE 0k/infinity , NPROC 14880/14880 , NOFILE 1048576/1048576 , AS infinity/infinity , CPU infinity/infinity , DATA infinity/infinity , FSIZE infinity/infinity , MEMLOCK 65536k/65536k
load average:1.09 1.06 1.03

/proc/meminfo:
MemTotal:        3886304 kB
MemFree:          154076 kB
MemAvailable:     695276 kB
Buffers:           39868 kB
Cached:          1171224 kB
SwapCached:        17132 kB
Active:           829828 kB
Inactive:        2449048 kB
Active(anon):     381408 kB
Inactive(anon):  2188452 kB
Active(file):     448420 kB
Inactive(file):   260596 kB
Unevictable:      123300 kB
Mlocked:             144 kB
SwapTotal:       2097148 kB
SwapFree:        1678184 kB
Dirty:               640 kB
Writeback:             0 kB
AnonPages:       2180020 kB
Mapped:           621748 kB
Shmem:            504292 kB
KReclaimable:      75256 kB
Slab:             171964 kB
SReclaimable:      75256 kB
SUnreclaim:        96708 kB
KernelStack:       14944 kB
PageTables:        37552 kB
NFS_Unstable:          0 kB
Bounce:                0 kB
WritebackTmp:          0 kB
CommitLimit:     4040300 kB
Committed_AS:   10081176 kB
VmallocTotal:   34359738367 kB
VmallocUsed:       42004 kB
VmallocChunk:          0 kB
Percpu:             6560 kB
HardwareCorrupted:     0 kB
AnonHugePages:         0 kB
ShmemHugePages:        0 kB
ShmemPmdMapped:        0 kB
FileHugePages:         0 kB
FilePmdMapped:         0 kB
HugePages_Total:       0
HugePages_Free:        0
HugePages_Rsvd:        0
HugePages_Surp:        0
Hugepagesize:       2048 kB
Hugetlb:               0 kB
DirectMap4k:      272896 kB
DirectMap2M:     3790848 kB
DirectMap1G:     1048576 kB

/sys/kernel/mm/transparent_hugepage/enabled:
always [madvise] never
/sys/kernel/mm/transparent_hugepage/defrag (defrag/compaction efforts parameter):
always defer defer+madvise [madvise] never

Process Memory:
Virtual Size: 3802288K (peak: 12359252K)
Resident Set Size: 49420K (peak: 49552K) (anon: 21620K, file: 27800K, shmem: 0K)
Swapped out: 0K
C-Heap outstanding allocations: 12153K, retained: 5242K
glibc malloc tunables: (default)

/proc/sys/kernel/threads-max (system-wide limit on the number of threads):
29760
/proc/sys/vm/max_map_count (maximum number of memory map areas a process may have):
65530
/proc/sys/kernel/pid_max (system-wide limit on number of process identifiers):
4194304

container (cgroup) information:
container_type: cgroupv1
cpu_cpuset_cpus: 0-3
cpu_memory_nodes: 0
active_processor_count: 4
cpu_quota: no quota
cpu_period: 100000
cpu_shares: no shares
memory_limit_in_bytes: unlimited
memory_and_swap_limit_in_bytes: unlimited
memory_soft_limit_in_bytes: unlimited
memory_usage_in_bytes: 3159928 k
memory_max_usage_in_bytes: 3257356 k
maximum number of tasks: unlimited
current number of tasks: 762

Steal ticks since vm start: 0
Steal ticks percentage since vm start:  0.000

CPU:total 4 (initial active 4) (2 cores per cpu, 2 threads per core) family 6 model 69 stepping 1 microcode 0x26, cmov, cx8, fxsr, mmx, sse, sse2, sse3, ssse3, sse4.1, sse4.2, popcnt, avx, avx2, aes, clmul, erms, lzcnt, ht, tsc, tscinvbit, bmi1, bmi2, fma
CPU Model and flags from /proc/cpuinfo:
model name	: Intel(R) Core(TM) i5-4210U CPU @ 1.70GHz
flags		: fpu vme de pse tsc msr pae mce cx8 apic sep mtrr pge mca cmov pat pse36 clflush dts acpi mmx fxsr sse sse2 ss ht tm pbe syscall nx pdpe1gb rdtscp lm constant_tsc arch_perfmon pebs bts rep_good nopl xtopology nonstop_tsc cpuid aperfmperf pni pclmulqdq dtes64 monitor ds_cpl est tm2 ssse3 sdbg fma cx16 xtpr pdcm pcid sse4_1 sse4_2 movbe popcnt tsc_deadline_timer aes xsave avx f16c rdrand lahf_lm abm cpuid_fault epb invpcid_single pti ssbd ibrs ibpb stibp fsgsbase tsc_adjust bmi1 avx2 smep bmi2 erms invpcid xsaveopt dtherm ida arat pln pts md_clear flush_l1d
Online cpus:
0-3
Offline cpus:
4-7
BIOS frequency limitation:
<Not Available>
Frequency switch latency (ns):
20000
Available cpu frequencies:
<Not Available>
Current governor:
ondemand
Core performance/turbo boost:
<Not Available>

Memory: 4k page, physical 3886304k(154076k free), swap 2097148k(1678184k free)

vm_info: OpenJDK 64-Bit Server VM (11.0.17+8-post-Ubuntu-1ubuntu220.04) for linux-amd64 JRE (11.0.17+8-post-Ubuntu-1ubuntu220.04), built on Oct 25 2022 09:30:51 by "unknown" with gcc 9.4.0

END.
